<?xml version="1.0" encoding="UTF-8"?>
<testng-results ignored="0" total="2" passed="2" failed="0" skipped="0">
  <reporter-output>
  </reporter-output>
  <suite started-at="2022-06-22T20:56:39 IST" name="Default suite" finished-at="2022-06-22T20:56:58 IST" duration-ms="18901">
    <groups>
    </groups>
    <test started-at="2022-06-22T20:56:39 IST" name="Default test" finished-at="2022-06-22T20:56:58 IST" duration-ms="18901">
      <class name="test.LoginTest">
        <test-method is-config="true" signature="initBrowser()[pri:0, instance:test.LoginTest@3c7f66c4]" started-at="2022-06-22T20:56:39 IST" name="initBrowser" finished-at="2022-06-22T20:56:53 IST" duration-ms="13991" status="PASS">
          <reporter-output>
          </reporter-output>
        </test-method> <!-- initBrowser -->
        <test-method is-config="true" signature="initObject()[pri:0, instance:test.LoginTest@3c7f66c4]" started-at="2022-06-22T20:56:53 IST" name="initObject" finished-at="2022-06-22T20:56:53 IST" duration-ms="70" status="PASS">
          <reporter-output>
          </reporter-output>
        </test-method> <!-- initObject -->
        <test-method signature="verifyButton()[pri:1, instance:test.LoginTest@3c7f66c4]" started-at="2022-06-22T20:56:53 IST" name="verifyButton" finished-at="2022-06-22T20:56:54 IST" duration-ms="412" status="PASS">
          <reporter-output>
          </reporter-output>
        </test-method> <!-- verifyButton -->
        <test-method signature="login()[pri:2, instance:test.LoginTest@3c7f66c4]" started-at="2022-06-22T20:56:54 IST" name="login" finished-at="2022-06-22T20:56:57 IST" duration-ms="3799" status="PASS">
          <reporter-output>
          </reporter-output>
        </test-method> <!-- login -->
        <test-method is-config="true" signature="tearDown()[pri:0, instance:test.LoginTest@3c7f66c4]" started-at="2022-06-22T20:56:57 IST" name="tearDown" finished-at="2022-06-22T20:56:58 IST" duration-ms="448" status="PASS">
          <reporter-output>
          </reporter-output>
        </test-method> <!-- tearDown -->
      </class> <!-- test.LoginTest -->
    </test> <!-- Default test -->
  </suite> <!-- Default suite -->
</testng-results>
